Build started 16/2/2017 3:03:33 PM.
     1>Project "C:\Users\HongSheng\Documents\Studio-Proj-2\DM2122_Framework\Application\Application.vcxproj" on node 2 (Build target(s)).
     1>ClCompile:
         C:\Program Files (x86)\Microsoft Visual Studio 12.0\VC\bin\CL.exe /c /I"C:\Users\HongSheng\Documents\Studio-Proj-2\DM2122_Framework\\glew\include" /I"C:\Users\HongSheng\Documents\Studio-Proj-2\DM2122_Framework\\glfw\include" /I"C:\Users\HongSheng\Documents\Studio-Proj-2\DM2122_Framework\\Common\Source" /Zi /nologo /W3 /WX- /O2 /Oi /Oy- /GL /D WIN32 /D NDEBUG /D _CONSOLE /D _LIB /D _UNICODE /D UNICODE /Gm- /EHsc /MD /GS /Gy /fp:precise /Zc:wchar_t /Zc:forScope /Fo"Release\\" /Fd"Release\vc120.pdb" /Gd /TP /analyze- /errorReport:prompt Source\PlanetTwo.cpp
         PlanetTwo.cpp
     1>C:\Program Files (x86)\Windows Kits\8.1\Include\shared\minwindef.h(130): warning C4005: 'APIENTRY' : macro redefinition
                 C:\Users\HongSheng\Documents\Studio-Proj-2\DM2122_Framework\glfw\include\GLFW\glfw3.h(92) : see previous definition of 'APIENTRY'
     1>Source\PlanetTwo.cpp(264): warning C4244: 'argument' : conversion from 'time_t' to 'unsigned int', possible loss of data
     1>Source\PlanetTwo.cpp(441): warning C4244: '=' : conversion from 'double' to 'float', possible loss of data
     1>Source\PlanetTwo.cpp(488): warning C4244: 'argument' : conversion from 'int' to 'float', possible loss of data
     1>Source\PlanetTwo.cpp(497): warning C4244: 'argument' : conversion from 'int' to 'float', possible loss of data
     1>Source\PlanetTwo.cpp(499): warning C4244: 'argument' : conversion from 'int' to 'float', possible loss of data
     1>Source\PlanetTwo.cpp(519): warning C4244: 'argument' : conversion from 'int' to 'float', possible loss of data
     1>Source\PlanetTwo.cpp(521): warning C4244: 'argument' : conversion from 'int' to 'float', possible loss of data
     1>Source\PlanetTwo.cpp(540): warning C4244: 'argument' : conversion from 'int' to 'float', possible loss of data
     1>Source\PlanetTwo.cpp(590): warning C4305: 'argument' : truncation from 'double' to 'float'
     1>Source\PlanetTwo.cpp(597): warning C4305: 'argument' : truncation from 'double' to 'float'
     1>Source\PlanetTwo.cpp(604): warning C4305: 'argument' : truncation from 'double' to 'float'
     1>Source\PlanetTwo.cpp(610): warning C4305: 'argument' : truncation from 'double' to 'float'
     1>Source\PlanetTwo.cpp(617): warning C4305: 'argument' : truncation from 'double' to 'float'
     1>Source\PlanetTwo.cpp(756): warning C4244: 'argument' : conversion from 'int' to 'float', possible loss of data
     1>Source\PlanetTwo.cpp(757): warning C4244: 'argument' : conversion from 'int' to 'float', possible loss of data
       Link:
         C:\Program Files (x86)\Microsoft Visual Studio 12.0\VC\bin\link.exe /ERRORREPORT:PROMPT /OUT:"C:\Users\HongSheng\Documents\Studio-Proj-2\DM2122_Framework\Release\Application.exe" /INCREMENTAL:NO /NOLOGO /LIBPATH:"C:\Users\HongSheng\Documents\Studio-Proj-2\DM2122_Framework\\glew\lib" /LIBPATH:"C:\Users\HongSheng\Documents\Studio-Proj-2\DM2122_Framework\\glfw\lib-msvc120" /LIBPATH:"C:\Users\HongSheng\Documents\Studio-Proj-2\DM2122_Framework\Release" glew32.lib glfw3.lib opengl32.lib winmm.lib Common.lib kernel32.lib user32.lib gdi32.lib winspool.lib comdlg32.lib advapi32.lib shell32.lib ole32.lib oleaut32.lib uuid.lib odbc32.lib odbccp32.lib /MANIFEST /MANIFESTUAC:"level='asInvoker' uiAccess='false'" /manifest:embed /DEBUG /PDB:"C:\Users\HongSheng\Documents\Studio-Proj-2\DM2122_Framework\Release\Application.pdb" /SUBSYSTEM:CONSOLE /OPT:REF /OPT:ICF /LTCG /TLBID:1 /DYNAMICBASE /NXCOMPAT /IMPLIB:"C:\Users\HongSheng\Documents\Studio-Proj-2\DM2122_Framework\Release\Application.lib" /MACHINE:X86 /SAFESEH Release\Application.obj
         Release\Camera.obj
         Release\Camera2.obj
         Release\Camera3.obj
         Release\LoadOBJ.obj
         Release\LoadTGA.obj
         Release\main.obj
         Release\Mesh.obj
         Release\MeshBuilder.obj
         Release\PlanetOne.obj
         Release\PlanetFour.obj
         Release\PlanetThree.obj
         Release\PlanetTwo.obj
         Release\shader.obj
         Release\StudioProj.obj
         Release\Utility.obj
         Generating code
         Finished generating code
         Application.vcxproj -> C:\Users\HongSheng\Documents\Studio-Proj-2\DM2122_Framework\Release\Application.exe
     1>Done Building Project "C:\Users\HongSheng\Documents\Studio-Proj-2\DM2122_Framework\Application\Application.vcxproj" (Build target(s)).

Build succeeded.

Time Elapsed 00:00:02.79
